# JRE version: OpenJDK Runtime Environment (11.0.13) (build 11.0.13+0-b1751.21-8125866)
# Java VM: OpenJDK 64-Bit Server VM (11.0.13+0-b1751.21-8125866, mixed mode, tiered, compressed oops, g1 gc, windows-amd64)
Heap:
 garbage-first heap   total 315392K, used 147867K [0x0000000080000000, 0x0000000100000000)
  region size 1024K, 6 young (6144K), 6 survivors (6144K)
 Metaspace       used 94030K, capacity 96585K, committed 98696K, reserved 1134592K
  class space    used 12397K, capacity 13422K, committed 14208K, reserved 1048576K
GC Heap History (20 events):
Event: 5.163 GC heap after
{Heap after GC invocations=8 (full 0):
 garbage-first heap   total 262144K, used 43341K [0x0000000080000000, 0x0000000100000000)
  region size 1024K, 17 young (17408K), 17 survivors (17408K)
 Metaspace       used 52702K, capacity 54094K, committed 54224K, reserved 1095680K
  class space    used 6682K, capacity 7224K, committed 7296K, reserved 1048576K
}
Event: 5.562 GC heap before
{Heap before GC invocations=8 (full 0):
 garbage-first heap   total 262144K, used 81229K [0x0000000080000000, 0x0000000100000000)
  region size 1024K, 55 young (56320K), 17 survivors (17408K)
 Metaspace       used 58706K, capacity 60192K, committed 60296K, reserved 1101824K
  class space    used 7428K, capacity 8017K, committed 8064K, reserved 1048576K
}
Event: 5.575 GC heap after
{Heap after GC invocations=9 (full 0):
 garbage-first heap   total 262144K, used 45695K [0x0000000080000000, 0x0000000100000000)
  region size 1024K, 13 young (13312K), 13 survivors (13312K)
 Metaspace       used 58706K, capacity 60192K, committed 60296K, reserved 1101824K
  class space    used 7428K, capacity 8017K, committed 8064K, reserved 1048576K
}
Event: 6.663 GC heap before
{Heap before GC invocations=10 (full 0):
 garbage-first heap   total 262144K, used 178815K [0x0000000080000000, 0x0000000100000000)
  region size 1024K, 143 young (146432K), 13 survivors (13312K)
 Metaspace       used 69073K, capacity 70752K, committed 71048K, reserved 1112064K
  class space    used 8909K, capacity 9559K, committed 9600K, reserved 1048576K
}
Event: 6.685 GC heap after
{Heap after GC invocations=11 (full 0):
 garbage-first heap   total 262144K, used 55210K [0x0000000080000000, 0x0000000100000000)
  region size 1024K, 12 young (12288K), 12 survivors (12288K)
 Metaspace       used 69073K, capacity 70752K, committed 71048K, reserved 1112064K
  class space    used 8909K, capacity 9559K, committed 9600K, reserved 1048576K
}
Event: 7.885 GC heap before
{Heap before GC invocations=12 (full 0):
 garbage-first heap   total 262144K, used 187306K [0x0000000080000000, 0x0000000100000000)
  region size 1024K, 141 young (144384K), 12 survivors (12288K)
 Metaspace       used 80964K, capacity 83276K, committed 83336K, reserved 1122304K
  class space    used 10692K, capacity 11596K, committed 11648K, reserved 1048576K
}
Event: 7.896 GC heap after
{Heap after GC invocations=13 (full 0):
 garbage-first heap   total 262144K, used 63934K [0x0000000080000000, 0x0000000100000000)
  region size 1024K, 9 young (9216K), 9 survivors (9216K)
 Metaspace       used 80964K, capacity 83276K, committed 83336K, reserved 1122304K
  class space    used 10692K, capacity 11596K, committed 11648K, reserved 1048576K
}
Event: 8.606 GC heap before
{Heap before GC invocations=13 (full 0):
 garbage-first heap   total 262144K, used 193982K [0x0000000080000000, 0x0000000100000000)
  region size 1024K, 137 young (140288K), 9 survivors (9216K)
 Metaspace       used 83381K, capacity 85951K, committed 86024K, reserved 1124352K
  class space    used 10997K, capacity 11968K, committed 12032K, reserved 1048576K
}
Event: 8.615 GC heap after
{Heap after GC invocations=14 (full 0):
 garbage-first heap   total 262144K, used 74111K [0x0000000080000000, 0x0000000100000000)
  region size 1024K, 18 young (18432K), 18 survivors (18432K)
 Metaspace       used 83381K, capacity 85951K, committed 86024K, reserved 1124352K
  class space    used 10997K, capacity 11968K, committed 12032K, reserved 1048576K
}
Event: 8.931 GC heap before
{Heap before GC invocations=14 (full 0):
 garbage-first heap   total 262144K, used 196991K [0x0000000080000000, 0x0000000100000000)
  region size 1024K, 139 young (142336K), 18 survivors (18432K)
 Metaspace       used 88836K, capacity 91655K, committed 91784K, reserved 1128448K
  class space    used 11761K, capacity 12864K, committed 12928K, reserved 1048576K
}
Event: 8.950 GC heap after
{Heap after GC invocations=15 (full 0):
 garbage-first heap   total 262144K, used 99580K [0x0000000080000000, 0x0000000100000000)
  region size 1024K, 18 young (18432K), 18 survivors (18432K)
 Metaspace       used 88836K, capacity 91655K, committed 91784K, reserved 1128448K
  class space    used 11761K, capacity 12864K, committed 12928K, reserved 1048576K
}
Event: 9.099 GC heap before
{Heap before GC invocations=15 (full 0):
 garbage-first heap   total 262144K, used 197884K [0x0000000080000000, 0x0000000100000000)
  region size 1024K, 114 young (116736K), 18 survivors (18432K)
 Metaspace       used 90285K, capacity 93341K, committed 93448K, reserved 1130496K
  class space    used 12008K, capacity 13210K, committed 13312K, reserved 1048576K
}
Event: 9.120 GC heap after
{Heap after GC invocations=16 (full 0):
 garbage-first heap   total 262144K, used 111982K [0x0000000080000000, 0x0000000100000000)
  region size 1024K, 15 young (15360K), 15 survivors (15360K)
 Metaspace       used 90285K, capacity 93341K, committed 93448K, reserved 1130496K
  class space    used 12008K, capacity 13210K, committed 13312K, reserved 1048576K
}
Event: 9.213 GC heap before
{Heap before GC invocations=16 (full 0):
 garbage-first heap   total 262144K, used 199022K [0x0000000080000000, 0x0000000100000000)
  region size 1024K, 100 young (102400K), 15 survivors (15360K)
 Metaspace       used 91581K, capacity 94691K, committed 94984K, reserved 1130496K
  class space    used 12232K, capacity 13476K, committed 13568K, reserved 1048576K
}
Event: 9.233 GC heap after
{Heap after GC invocations=17 (full 0):
 garbage-first heap   total 262144K, used 128907K [0x0000000080000000, 0x0000000100000000)
  region size 1024K, 13 young (13312K), 13 survivors (13312K)
 Metaspace       used 91581K, capacity 94691K, committed 94984K, reserved 1130496K
  class space    used 12232K, capacity 13476K, committed 13568K, reserved 1048576K
}
Event: 9.354 GC heap before
{Heap before GC invocations=17 (full 0):
 garbage-first heap   total 262144K, used 204683K [0x0000000080000000, 0x0000000100000000)
  region size 1024K, 87 young (89088K), 13 survivors (13312K)
 Metaspace       used 93296K, capacity 96516K, committed 96648K, reserved 1132544K
  class space    used 12568K, capacity 13876K, committed 13952K, reserved 1048576K
}
Event: 9.373 GC heap after
{Heap after GC invocations=18 (full 0):
 garbage-first heap   total 262144K, used 141647K [0x0000000080000000, 0x0000000100000000)
  region size 1024K, 11 young (11264K), 11 survivors (11264K)
 Metaspace       used 93296K, capacity 96516K, committed 96648K, reserved 1132544K
  class space    used 12568K, capacity 13876K, committed 13952K, reserved 1048576K
}
Event: 9.540 GC heap before
{Heap before GC invocations=18 (full 0):
 garbage-first heap   total 262144K, used 207183K [0x0000000080000000, 0x0000000100000000)
  region size 1024K, 76 young (77824K), 11 survivors (11264K)
 Metaspace       used 93841K, capacity 97117K, committed 97160K, reserved 1132544K
  class space    used 12625K, capacity 13923K, committed 13952K, reserved 1048576K
}
Event: 9.554 GC heap after
{Heap after GC invocations=19 (full 0):
 garbage-first heap   total 262144K, used 147499K [0x0000000080000000, 0x0000000100000000)
  region size 1024K, 6 young (6144K), 6 survivors (6144K)
 Metaspace       used 93841K, capacity 97117K, committed 97160K, reserved 1132544K
  class space    used 12625K, capacity 13923K, committed 13952K, reserved 1048576K
}
Event: 9.837 GC heap before
{Heap before GC invocations=19 (full 0):
 garbage-first heap   total 262144K, used 210987K [0x0000000080000000, 0x0000000100000000)
  region size 1024K, 69 young (70656K), 6 survivors (6144K)
 Metaspace       used 94030K, capacity 96585K, committed 98696K, reserved 1134592K
  class space    used 12397K, capacity 13422K, committed 14208K, reserved 1048576K
}

