# JRE version: OpenJDK Runtime Environment (11.0.13) (build 11.0.13+0-b1751.21-8125866)
# Java VM: OpenJDK 64-Bit Server VM (11.0.13+0-b1751.21-8125866, mixed mode, tiered, compressed oops, g1 gc, windows-amd64)
Heap:
 garbage-first heap   total 315392K, used 139441K [0x0000000080000000, 0x0000000100000000)
  region size 1024K, 11 young (11264K), 11 survivors (11264K)
 Metaspace       used 93848K, capacity 97391K, committed 97672K, reserved 1132544K
  class space    used 12726K, capacity 14157K, committed 14208K, reserved 1048576K
GC Heap History (20 events):
Event: 2.970 GC heap after
{Heap after GC invocations=5 (full 0):
 garbage-first heap   total 262144K, used 22625K [0x0000000080000000, 0x0000000100000000)
  region size 1024K, 6 young (6144K), 6 survivors (6144K)
 Metaspace       used 35032K, capacity 35811K, committed 35920K, reserved 1081344K
  class space    used 4487K, capacity 4783K, committed 4864K, reserved 1048576K
}
Event: 3.868 GC heap before
{Heap before GC invocations=6 (full 0):
 garbage-first heap   total 262144K, used 160865K [0x0000000080000000, 0x0000000100000000)
  region size 1024K, 138 young (141312K), 6 survivors (6144K)
 Metaspace       used 46319K, capacity 47402K, committed 47696K, reserved 1091584K
  class space    used 5894K, capacity 6309K, committed 6400K, reserved 1048576K
}
Event: 3.874 GC heap after
{Heap after GC invocations=7 (full 0):
 garbage-first heap   total 262144K, used 29816K [0x0000000080000000, 0x0000000100000000)
  region size 1024K, 13 young (13312K), 13 survivors (13312K)
 Metaspace       used 46319K, capacity 47402K, committed 47696K, reserved 1091584K
  class space    used 5894K, capacity 6309K, committed 6400K, reserved 1048576K
}
Event: 4.833 GC heap before
{Heap before GC invocations=7 (full 0):
 garbage-first heap   total 262144K, used 177272K [0x0000000080000000, 0x0000000100000000)
  region size 1024K, 153 young (156672K), 13 survivors (13312K)
 Metaspace       used 57055K, capacity 58448K, committed 58576K, reserved 1099776K
  class space    used 7182K, capacity 7754K, committed 7808K, reserved 1048576K
}
Event: 4.843 GC heap after
{Heap after GC invocations=8 (full 0):
 garbage-first heap   total 262144K, used 44687K [0x0000000080000000, 0x0000000100000000)
  region size 1024K, 18 young (18432K), 18 survivors (18432K)
 Metaspace       used 57055K, capacity 58448K, committed 58576K, reserved 1099776K
  class space    used 7182K, capacity 7754K, committed 7808K, reserved 1048576K
}
Event: 4.939 GC heap before
{Heap before GC invocations=8 (full 0):
 garbage-first heap   total 262144K, used 53903K [0x0000000080000000, 0x0000000100000000)
  region size 1024K, 28 young (28672K), 18 survivors (18432K)
 Metaspace       used 58663K, capacity 60107K, committed 60296K, reserved 1101824K
  class space    used 7410K, capacity 7989K, committed 8064K, reserved 1048576K
}
Event: 4.951 GC heap after
{Heap after GC invocations=9 (full 0):
 garbage-first heap   total 262144K, used 46338K [0x0000000080000000, 0x0000000100000000)
  region size 1024K, 3 young (3072K), 3 survivors (3072K)
 Metaspace       used 58663K, capacity 60107K, committed 60296K, reserved 1101824K
  class space    used 7410K, capacity 7989K, committed 8064K, reserved 1048576K
}
Event: 5.895 GC heap before
{Heap before GC invocations=10 (full 0):
 garbage-first heap   total 262144K, used 179458K [0x0000000080000000, 0x0000000100000000)
  region size 1024K, 133 young (136192K), 3 survivors (3072K)
 Metaspace       used 69029K, capacity 70668K, committed 70792K, reserved 1110016K
  class space    used 8893K, capacity 9531K, committed 9600K, reserved 1048576K
}
Event: 5.901 GC heap after
{Heap after GC invocations=11 (full 0):
 garbage-first heap   total 262144K, used 54149K [0x0000000080000000, 0x0000000100000000)
  region size 1024K, 11 young (11264K), 11 survivors (11264K)
 Metaspace       used 69029K, capacity 70668K, committed 70792K, reserved 1110016K
  class space    used 8893K, capacity 9531K, committed 9600K, reserved 1048576K
}
Event: 7.035 GC heap before
{Heap before GC invocations=11 (full 0):
 garbage-first heap   total 262144K, used 185221K [0x0000000080000000, 0x0000000100000000)
  region size 1024K, 140 young (143360K), 11 survivors (11264K)
 Metaspace       used 81047K, capacity 83410K, committed 83592K, reserved 1122304K
  class space    used 10694K, capacity 11597K, committed 11648K, reserved 1048576K
}
Event: 7.045 GC heap after
{Heap after GC invocations=12 (full 0):
 garbage-first heap   total 262144K, used 62934K [0x0000000080000000, 0x0000000100000000)
  region size 1024K, 9 young (9216K), 9 survivors (9216K)
 Metaspace       used 81047K, capacity 83410K, committed 83592K, reserved 1122304K
  class space    used 10694K, capacity 11597K, committed 11648K, reserved 1048576K
}
Event: 7.576 GC heap before
{Heap before GC invocations=12 (full 0):
 garbage-first heap   total 262144K, used 192982K [0x0000000080000000, 0x0000000100000000)
  region size 1024K, 138 young (141312K), 9 survivors (9216K)
 Metaspace       used 83464K, capacity 86050K, committed 86280K, reserved 1124352K
  class space    used 11016K, capacity 12003K, committed 12032K, reserved 1048576K
}
Event: 7.586 GC heap after
{Heap after GC invocations=13 (full 0):
 garbage-first heap   total 262144K, used 72865K [0x0000000080000000, 0x0000000100000000)
  region size 1024K, 18 young (18432K), 18 survivors (18432K)
 Metaspace       used 83464K, capacity 86050K, committed 86280K, reserved 1124352K
  class space    used 11016K, capacity 12003K, committed 12032K, reserved 1048576K
}
Event: 7.862 GC heap before
{Heap before GC invocations=13 (full 0):
 garbage-first heap   total 262144K, used 196769K [0x0000000080000000, 0x0000000100000000)
  region size 1024K, 140 young (143360K), 18 survivors (18432K)
 Metaspace       used 89302K, capacity 92283K, committed 92424K, reserved 1128448K
  class space    used 11841K, capacity 13020K, committed 13056K, reserved 1048576K
}
Event: 7.880 GC heap after
{Heap after GC invocations=14 (full 0):
 garbage-first heap   total 262144K, used 97945K [0x0000000080000000, 0x0000000100000000)
  region size 1024K, 18 young (18432K), 18 survivors (18432K)
 Metaspace       used 89302K, capacity 92283K, committed 92424K, reserved 1128448K
  class space    used 11841K, capacity 13020K, committed 13056K, reserved 1048576K
}
Event: 8.055 GC heap before
{Heap before GC invocations=14 (full 0):
 garbage-first heap   total 262144K, used 197273K [0x0000000080000000, 0x0000000100000000)
  region size 1024K, 116 young (118784K), 18 survivors (18432K)
 Metaspace       used 91361K, capacity 94746K, committed 94984K, reserved 1130496K
  class space    used 12321K, capacity 13701K, committed 13824K, reserved 1048576K
}
Event: 8.074 GC heap after
{Heap after GC invocations=15 (full 0):
 garbage-first heap   total 262144K, used 111298K [0x0000000080000000, 0x0000000100000000)
  region size 1024K, 15 young (15360K), 15 survivors (15360K)
 Metaspace       used 91361K, capacity 94746K, committed 94984K, reserved 1130496K
  class space    used 12321K, capacity 13701K, committed 13824K, reserved 1048576K
}
Event: 8.183 GC heap before
{Heap before GC invocations=15 (full 0):
 garbage-first heap   total 262144K, used 199362K [0x0000000080000000, 0x0000000100000000)
  region size 1024K, 101 young (103424K), 15 survivors (15360K)
 Metaspace       used 93252K, capacity 96725K, committed 96776K, reserved 1132544K
  class space    used 12648K, capacity 14065K, committed 14080K, reserved 1048576K
}
Event: 8.200 GC heap after
{Heap after GC invocations=16 (full 0):
 garbage-first heap   total 262144K, used 127588K [0x0000000080000000, 0x0000000100000000)
  region size 1024K, 13 young (13312K), 13 survivors (13312K)
 Metaspace       used 93252K, capacity 96725K, committed 96776K, reserved 1132544K
  class space    used 12648K, capacity 14065K, committed 14080K, reserved 1048576K
}
Event: 8.316 GC heap before
{Heap before GC invocations=16 (full 0):
 garbage-first heap   total 262144K, used 204388K [0x0000000080000000, 0x0000000100000000)
  region size 1024K, 88 young (90112K), 13 survivors (13312K)
 Metaspace       used 93848K, capacity 97391K, committed 97672K, reserved 1132544K
  class space    used 12726K, capacity 14157K, committed 14208K, reserved 1048576K
}

